This file contains any messages produced by compilers while
running configure, to aid debugging if configure makes a mistake.

It was created by configure, which was
generated by GNU Autoconf 2.69.  Invocation command line was

  $ ./configure 

## --------- ##
## Platform. ##
## --------- ##

hostname = sk
uname -m = x86_64
uname -r = 4.15.0-45-generic
uname -s = Linux
uname -v = #48-Ubuntu SMP Tue Jan 29 16:28:13 UTC 2019

/usr/bin/uname -p = unknown
/bin/uname -X     = unknown

/bin/arch              = unknown
/usr/bin/arch -k       = unknown
/usr/convex/getsysinfo = unknown
/usr/bin/hostinfo      = unknown
/bin/machine           = unknown
/usr/bin/oslevel       = unknown
/bin/universe          = unknown

PATH: /usr/local/sbin
PATH: /usr/local/bin
PATH: /usr/sbin
PATH: /usr/bin
PATH: /sbin
PATH: /bin
PATH: /usr/games
PATH: /usr/local/games
PATH: /snap/bin
PATH: /usr/lib/jvm/java-8-oracle/bin
PATH: /usr/lib/jvm/java-8-oracle/db/bin
PATH: /usr/lib/jvm/java-8-oracle/jre/bin


## ----------- ##
## Core tests. ##
## ----------- ##

configure:2097: checking for grep that handles long lines and -e
configure:2155: result: /bin/grep
configure:2160: checking for egrep
configure:2222: result: /bin/grep -E
configure:2227: checking for a sed that does not truncate output
configure:2291: result: /bin/sed
configure:2425: checking for cc
configure:2441: found /usr/bin/cc
configure:2452: result: cc
configure:2483: checking for C compiler version
configure:2492: cc --version >&5
cc (Ubuntu 7.3.0-27ubuntu1~18.04) 7.3.0
Copyright (C) 2017 Free Software Foundation, Inc.
This is free software; see the source for copying conditions.  There is NO
warranty; not even for MERCHANTABILITY or FITNESS FOR A PARTICULAR PURPOSE.

configure:2503: $? = 0
configure:2492: cc -v >&5
Using built-in specs.
COLLECT_GCC=cc
COLLECT_LTO_WRAPPER=/usr/lib/gcc/x86_64-linux-gnu/7/lto-wrapper
OFFLOAD_TARGET_NAMES=nvptx-none
OFFLOAD_TARGET_DEFAULT=1
Target: x86_64-linux-gnu
Configured with: ../src/configure -v --with-pkgversion='Ubuntu 7.3.0-27ubuntu1~18.04' --with-bugurl=file:///usr/share/doc/gcc-7/README.Bugs --enable-languages=c,ada,c++,go,brig,d,fortran,objc,obj-c++ --prefix=/usr --with-gcc-major-version-only --program-suffix=-7 --program-prefix=x86_64-linux-gnu- --enable-shared --enable-linker-build-id --libexecdir=/usr/lib --without-included-gettext --enable-threads=posix --libdir=/usr/lib --enable-nls --with-sysroot=/ --enable-clocale=gnu --enable-libstdcxx-debug --enable-libstdcxx-time=yes --with-default-libstdcxx-abi=new --enable-gnu-unique-object --disable-vtable-verify --enable-libmpx --enable-plugin --enable-default-pie --with-system-zlib --with-target-system-zlib --enable-objc-gc=auto --enable-multiarch --disable-werror --with-arch-32=i686 --with-abi=m64 --with-multilib-list=m32,m64,mx32 --enable-multilib --with-tune=generic --enable-offload-targets=nvptx-none --without-cuda-driver --enable-checking=release --build=x86_64-linux-gnu --host=x86_64-linux-gnu --target=x86_64-linux-gnu
Thread model: posix
gcc version 7.3.0 (Ubuntu 7.3.0-27ubuntu1~18.04) 
configure:2503: $? = 0
configure:2492: cc -V >&5
cc: error: unrecognized command line option '-V'
cc: fatal error: no input files
compilation terminated.
configure:2503: $? = 1
configure:2492: cc -qversion >&5
cc: error: unrecognized command line option '-qversion'; did you mean '--version'?
cc: fatal error: no input files
compilation terminated.
configure:2503: $? = 1
configure:2523: checking whether the C compiler works
configure:2545: cc    conftest.c  >&5
configure:2549: $? = 0
configure:2597: result: yes
configure:2600: checking for C compiler default output file name
configure:2602: result: a.out
configure:2608: checking for suffix of executables
configure:2615: cc -o conftest    conftest.c  >&5
configure:2619: $? = 0
configure:2641: result: 
configure:2663: checking whether we are cross compiling
configure:2671: cc -o conftest    conftest.c  >&5
configure:2675: $? = 0
configure:2682: ./conftest
configure:2686: $? = 0
configure:2701: result: no
configure:2706: checking for suffix of object files
configure:2728: cc -c   conftest.c >&5
configure:2732: $? = 0
configure:2753: result: o
configure:2757: checking whether we are using the GNU C compiler
configure:2776: cc -c   conftest.c >&5
configure:2776: $? = 0
configure:2785: result: yes
configure:2794: checking whether cc accepts -g
configure:2814: cc -c -g  conftest.c >&5
configure:2814: $? = 0
configure:2855: result: yes
configure:2872: checking for cc option to accept ISO C89
configure:2935: cc  -c -g -O2  conftest.c >&5
configure:2935: $? = 0
configure:2948: result: none needed
configure:2974: checking how to run the C preprocessor
configure:3005: cc -E  conftest.c
configure:3005: $? = 0
configure:3019: cc -E  conftest.c
conftest.c:9:10: fatal error: ac_nonexistent.h: No such file or directory
 #include <ac_nonexistent.h>
          ^~~~~~~~~~~~~~~~~~
compilation terminated.
configure:3019: $? = 1
configure: failed program was:
| /* confdefs.h */
| #define PACKAGE_NAME ""
| #define PACKAGE_TARNAME ""
| #define PACKAGE_VERSION ""
| #define PACKAGE_STRING ""
| #define PACKAGE_BUGREPORT ""
| #define PACKAGE_URL ""
| /* end confdefs.h.  */
| #include <ac_nonexistent.h>
configure:3044: result: cc -E
configure:3064: cc -E  conftest.c
configure:3064: $? = 0
configure:3078: cc -E  conftest.c
conftest.c:9:10: fatal error: ac_nonexistent.h: No such file or directory
 #include <ac_nonexistent.h>
          ^~~~~~~~~~~~~~~~~~
compilation terminated.
configure:3078: $? = 1
configure: failed program was:
| /* confdefs.h */
| #define PACKAGE_NAME ""
| #define PACKAGE_TARNAME ""
| #define PACKAGE_VERSION ""
| #define PACKAGE_STRING ""
| #define PACKAGE_BUGREPORT ""
| #define PACKAGE_URL ""
| /* end confdefs.h.  */
| #include <ac_nonexistent.h>
configure:3109: checking for icc
configure:3118: result: no
configure:3132: checking for suncc
configure:3141: result: no
configure:3159: checking whether cc understands -c and -o together
configure:3187: cc -c conftest.c -o conftest2.o >&5
configure:3191: $? = 0
configure:3197: cc -c conftest.c -o conftest2.o >&5
configure:3201: $? = 0
configure:3256: result: yes
configure:3270: checking for system library directory
configure:3285: result: lib
configure:3292: checking if compiler supports -R
configure:3311: cc -o conftest -g -O2   conftest.c -R /usr/lib  >&5
cc: error: unrecognized command line option '-R'
configure:3311: $? = 1
configure: failed program was:
| /* confdefs.h */
| #define PACKAGE_NAME ""
| #define PACKAGE_TARNAME ""
| #define PACKAGE_VERSION ""
| #define PACKAGE_STRING ""
| #define PACKAGE_BUGREPORT ""
| #define PACKAGE_URL ""
| /* end confdefs.h.  */
| 
| int
| main ()
| {
| 
|   ;
|   return 0;
| }
configure:3321: result: no
configure:3326: checking if compiler supports -Wl,-rpath,
configure:3345: cc -o conftest -g -O2   conftest.c -Wl,-rpath,/usr/lib  >&5
configure:3345: $? = 0
configure:3355: result: yes
configure:3400: checking build system type
configure:3414: result: x86_64-pc-linux-gnu
configure:3434: checking host system type
configure:3447: result: x86_64-pc-linux-gnu
configure:3467: checking target system type
configure:3480: result: x86_64-pc-linux-gnu
configure:3583: checking for PHP prefix
configure:3585: result: /usr
configure:3587: checking for PHP includes
configure:3589: result: -I/usr/include/php/20131226 -I/usr/include/php/20131226/main -I/usr/include/php/20131226/TSRM -I/usr/include/php/20131226/Zend -I/usr/include/php/20131226/ext -I/usr/include/php/20131226/ext/date/lib
configure:3591: checking for PHP extension directory
configure:3593: result: /usr/lib/php/20131226
configure:3595: checking for PHP installed headers prefix
configure:3597: result: /usr/include/php/20131226
configure:3600: checking if debug is enabled
configure:3626: result: no
configure:3629: checking if zts is enabled
configure:3655: result: no
configure:3726: checking for re2c
configure:3756: result: no
configure:3781: WARNING: You will need re2c 0.13.4 or later if you want to regenerate PHP parsers.
configure:3795: checking for gawk
configure:3812: found /usr/bin/gawk
configure:3823: result: gawk
configure:3866: checking whether to enable ggssl
configure:3905: result: yes, shared
configure:4266: checking how to print strings
configure:4293: result: printf
configure:4314: checking for a sed that does not truncate output
configure:4378: result: /bin/sed
configure:4396: checking for fgrep
configure:4458: result: /bin/grep -F
configure:4493: checking for ld used by cc
configure:4560: result: /usr/bin/ld
configure:4567: checking if the linker (/usr/bin/ld) is GNU ld
configure:4582: result: yes
configure:4594: checking for BSD- or MS-compatible name lister (nm)
configure:4648: result: /usr/bin/nm -B
configure:4778: checking the name lister (/usr/bin/nm -B) interface
configure:4785: cc -c -g -O2  conftest.c >&5
configure:4788: /usr/bin/nm -B "conftest.o"
configure:4791: output
0000000000000000 B some_variable
configure:4798: result: BSD nm
configure:4801: checking whether ln -s works
configure:4805: result: yes
configure:4813: checking the maximum length of command line arguments
configure:4944: result: 1572864
configure:4992: checking how to convert x86_64-pc-linux-gnu file names to x86_64-pc-linux-gnu format
configure:5032: result: func_convert_file_noop
configure:5039: checking how to convert x86_64-pc-linux-gnu file names to toolchain format
configure:5059: result: func_convert_file_noop
configure:5066: checking for /usr/bin/ld option to reload object files
configure:5073: result: -r
configure:5147: checking for objdump
configure:5163: found /usr/bin/objdump
configure:5174: result: objdump
configure:5206: checking how to recognize dependent libraries
configure:5406: result: pass_all
configure:5491: checking for dlltool
configure:5521: result: no
configure:5551: checking how to associate runtime and link libraries
configure:5578: result: printf %s\n
configure:5638: checking for ar
configure:5654: found /usr/bin/ar
configure:5665: result: ar
configure:5702: checking for archiver @FILE support
configure:5719: cc -c -g -O2  conftest.c >&5
configure:5719: $? = 0
configure:5722: ar cru libconftest.a @conftest.lst >&5
ar: `u' modifier ignored since `D' is the default (see `U')
configure:5725: $? = 0
configure:5730: ar cru libconftest.a @conftest.lst >&5
ar: `u' modifier ignored since `D' is the default (see `U')
ar: conftest.o: No such file or directory
configure:5733: $? = 1
configure:5745: result: @
configure:5803: checking for strip
configure:5819: found /usr/bin/strip
configure:5830: result: strip
configure:5902: checking for ranlib
configure:5918: found /usr/bin/ranlib
configure:5929: result: ranlib
configure:6006: checking for gawk
configure:6033: result: gawk
configure:6073: checking command to parse /usr/bin/nm -B output from cc object
configure:6226: cc -c -g -O2  conftest.c >&5
configure:6229: $? = 0
configure:6233: /usr/bin/nm -B conftest.o \| sed -n -e 's/^.*[ ]\([ABCDGIRSTW][ABCDGIRSTW]*\)[ ][ ]*\([_A-Za-z][_A-Za-z0-9]*\)$/\1 \2 \2/p' | sed '/ __gnu_lto/d' \> conftest.nm
configure:6236: $? = 0
configure:6302: cc -o conftest -g -O2   conftest.c conftstm.o >&5
configure:6305: $? = 0
configure:6343: result: ok
configure:6390: checking for sysroot
configure:6420: result: no
configure:6427: checking for a working dd
configure:6465: result: /bin/dd
configure:6469: checking how to truncate binary pipes
configure:6484: result: /bin/dd bs=4096 count=1
configure:6620: cc -c -g -O2  conftest.c >&5
configure:6623: $? = 0
configure:6813: checking for mt
configure:6829: found /bin/mt
configure:6840: result: mt
configure:6863: checking if mt is a manifest tool
configure:6869: mt '-?'
configure:6877: result: no
configure:7549: checking for ANSI C header files
configure:7569: cc -c -g -O2  conftest.c >&5
configure:7569: $? = 0
configure:7642: cc -o conftest -g -O2   conftest.c  >&5
configure:7642: $? = 0
configure:7642: ./conftest
configure:7642: $? = 0
configure:7653: result: yes
configure:7666: checking for sys/types.h
configure:7666: cc -c -g -O2  conftest.c >&5
configure:7666: $? = 0
configure:7666: result: yes
configure:7666: checking for sys/stat.h
configure:7666: cc -c -g -O2  conftest.c >&5
configure:7666: $? = 0
configure:7666: result: yes
configure:7666: checking for stdlib.h
configure:7666: cc -c -g -O2  conftest.c >&5
configure:7666: $? = 0
configure:7666: result: yes
configure:7666: checking for string.h
configure:7666: cc -c -g -O2  conftest.c >&5
configure:7666: $? = 0
configure:7666: result: yes
configure:7666: checking for memory.h
configure:7666: cc -c -g -O2  conftest.c >&5
configure:7666: $? = 0
configure:7666: result: yes
configure:7666: checking for strings.h
configure:7666: cc -c -g -O2  conftest.c >&5
configure:7666: $? = 0
configure:7666: result: yes
configure:7666: checking for inttypes.h
configure:7666: cc -c -g -O2  conftest.c >&5
configure:7666: $? = 0
configure:7666: result: yes
configure:7666: checking for stdint.h
configure:7666: cc -c -g -O2  conftest.c >&5
configure:7666: $? = 0
configure:7666: result: yes
configure:7666: checking for unistd.h
configure:7666: cc -c -g -O2  conftest.c >&5
configure:7666: $? = 0
configure:7666: result: yes
configure:7680: checking for dlfcn.h
configure:7680: cc -c -g -O2  conftest.c >&5
configure:7680: $? = 0
configure:7680: result: yes
configure:7936: checking for objdir
configure:7951: result: .libs
configure:8215: checking if cc supports -fno-rtti -fno-exceptions
configure:8233: cc -c -g -O2  -fno-rtti -fno-exceptions conftest.c >&5
cc1: warning: command line option '-fno-rtti' is valid for C++/ObjC++ but not for C
configure:8237: $? = 0
configure:8250: result: no
configure:8608: checking for cc option to produce PIC
configure:8615: result: -fPIC -DPIC
configure:8623: checking if cc PIC flag -fPIC -DPIC works
configure:8641: cc -c -g -O2  -fPIC -DPIC -DPIC conftest.c >&5
configure:8645: $? = 0
configure:8658: result: yes
configure:8687: checking if cc static flag -static works
configure:8715: result: yes
configure:8730: checking if cc supports -c -o file.o
configure:8751: cc -c -g -O2  -o out/conftest2.o conftest.c >&5
configure:8755: $? = 0
configure:8777: result: yes
configure:8785: checking if cc supports -c -o file.o
configure:8832: result: yes
configure:8865: checking whether the cc linker (/usr/bin/ld -m elf_x86_64) supports shared libraries
configure:10128: result: yes
configure:10165: checking whether -lc should be explicitly linked in
configure:10173: cc -c -g -O2  conftest.c >&5
configure:10176: $? = 0
configure:10191: cc -shared  -fPIC -DPIC conftest.o  -v -Wl,-soname -Wl,conftest -o conftest 2\>\&1 \| /bin/grep  -lc  \>/dev/null 2\>\&1
configure:10194: $? = 0
configure:10208: result: no
configure:10368: checking dynamic linker characteristics
configure:10949: cc -o conftest -g -O2   -Wl,-rpath -Wl,/foo conftest.c  >&5
configure:10949: $? = 0
configure:11198: result: GNU/Linux ld.so
configure:11320: checking how to hardcode library paths into programs
configure:11345: result: immediate
configure:11893: checking whether stripping libraries is possible
configure:11898: result: yes
configure:11933: checking if libtool supports shared libraries
configure:11935: result: yes
configure:11938: checking whether to build shared libraries
configure:11963: result: yes
configure:11966: checking whether to build static libraries
configure:11970: result: no
configure:12246: creating ./config.status

## ---------------------- ##
## Running config.status. ##
## ---------------------- ##

This file was extended by config.status, which was
generated by GNU Autoconf 2.69.  Invocation command line was

  CONFIG_FILES    = 
  CONFIG_HEADERS  = 
  CONFIG_LINKS    = 
  CONFIG_COMMANDS = 
  $ ./config.status 

on sk

config.status:889: creating config.h
config.status:993: executing libtool commands

## ---------------- ##
## Cache variables. ##
## ---------------- ##

ac_cv_build=x86_64-pc-linux-gnu
ac_cv_c_compiler_gnu=yes
ac_cv_env_CC_set=
ac_cv_env_CC_value=
ac_cv_env_CFLAGS_set=
ac_cv_env_CFLAGS_value=
ac_cv_env_CPPFLAGS_set=
ac_cv_env_CPPFLAGS_value=
ac_cv_env_CPP_set=
ac_cv_env_CPP_value=
ac_cv_env_LDFLAGS_set=
ac_cv_env_LDFLAGS_value=
ac_cv_env_LIBS_set=
ac_cv_env_LIBS_value=
ac_cv_env_LT_SYS_LIBRARY_PATH_set=
ac_cv_env_LT_SYS_LIBRARY_PATH_value=
ac_cv_env_build_alias_set=
ac_cv_env_build_alias_value=
ac_cv_env_host_alias_set=
ac_cv_env_host_alias_value=
ac_cv_env_target_alias_set=
ac_cv_env_target_alias_value=
ac_cv_header_dlfcn_h=yes
ac_cv_header_inttypes_h=yes
ac_cv_header_memory_h=yes
ac_cv_header_stdc=yes
ac_cv_header_stdint_h=yes
ac_cv_header_stdlib_h=yes
ac_cv_header_string_h=yes
ac_cv_header_strings_h=yes
ac_cv_header_sys_stat_h=yes
ac_cv_header_sys_types_h=yes
ac_cv_header_unistd_h=yes
ac_cv_host=x86_64-pc-linux-gnu
ac_cv_objext=o
ac_cv_path_EGREP='/bin/grep -E'
ac_cv_path_FGREP='/bin/grep -F'
ac_cv_path_GREP=/bin/grep
ac_cv_path_SED=/bin/sed
ac_cv_path_lt_DD=/bin/dd
ac_cv_prog_AWK=gawk
ac_cv_prog_CPP='cc -E'
ac_cv_prog_ac_ct_AR=ar
ac_cv_prog_ac_ct_CC=cc
ac_cv_prog_ac_ct_MANIFEST_TOOL=mt
ac_cv_prog_ac_ct_OBJDUMP=objdump
ac_cv_prog_ac_ct_RANLIB=ranlib
ac_cv_prog_ac_ct_STRIP=strip
ac_cv_prog_cc_c89=
ac_cv_prog_cc_cc_c_o=yes
ac_cv_prog_cc_g=yes
ac_cv_target=x86_64-pc-linux-gnu
lt_cv_ar_at_file=@
lt_cv_archive_cmds_need_lc=no
lt_cv_deplibs_check_method=pass_all
lt_cv_file_magic_cmd='$MAGIC_CMD'
lt_cv_file_magic_test_file=
lt_cv_ld_reload_flag=-r
lt_cv_nm_interface='BSD nm'
lt_cv_objdir=.libs
lt_cv_path_LD=/usr/bin/ld
lt_cv_path_NM='/usr/bin/nm -B'
lt_cv_path_mainfest_tool=no
lt_cv_prog_compiler_c_o=yes
lt_cv_prog_compiler_pic='-fPIC -DPIC'
lt_cv_prog_compiler_pic_works=yes
lt_cv_prog_compiler_rtti_exceptions=no
lt_cv_prog_compiler_static_works=yes
lt_cv_prog_gnu_ld=yes
lt_cv_sharedlib_from_linklib_cmd='printf %s\n'
lt_cv_shlibpath_overrides_runpath=yes
lt_cv_sys_global_symbol_pipe='sed -n -e '\''s/^.*[	 ]\([ABCDGIRSTW][ABCDGIRSTW]*\)[	 ][	 ]*\([_A-Za-z][_A-Za-z0-9]*\)$/\1 \2 \2/p'\'' | sed '\''/ __gnu_lto/d'\'''
lt_cv_sys_global_symbol_to_c_name_address='sed -n -e '\''s/^: \(.*\) .*$/  {"\1", (void *) 0},/p'\'' -e '\''s/^[ABCDGIRSTW][ABCDGIRSTW]* .* \(.*\)$/  {"\1", (void *) \&\1},/p'\'''
lt_cv_sys_global_symbol_to_c_name_address_lib_prefix='sed -n -e '\''s/^: \(.*\) .*$/  {"\1", (void *) 0},/p'\'' -e '\''s/^[ABCDGIRSTW][ABCDGIRSTW]* .* \(lib.*\)$/  {"\1", (void *) \&\1},/p'\'' -e '\''s/^[ABCDGIRSTW][ABCDGIRSTW]* .* \(.*\)$/  {"lib\1", (void *) \&\1},/p'\'''
lt_cv_sys_global_symbol_to_cdecl='sed -n -e '\''s/^T .* \(.*\)$/extern int \1();/p'\'' -e '\''s/^[ABCDGIRSTW][ABCDGIRSTW]* .* \(.*\)$/extern char \1;/p'\'''
lt_cv_sys_global_symbol_to_import=
lt_cv_sys_max_cmd_len=1572864
lt_cv_to_host_file_cmd=func_convert_file_noop
lt_cv_to_tool_file_cmd=func_convert_file_noop
lt_cv_truncate_bin='/bin/dd bs=4096 count=1'
php_cv_cc_dashr=no
php_cv_cc_rpath=yes

## ----------------- ##
## Output variables. ##
## ----------------- ##

AR='ar'
AWK='gawk'
CC='cc'
CFLAGS='-g -O2'
CONFIGURE_COMMAND=' '\''./configure'\'' '
CONFIGURE_OPTIONS=''
CPP='cc -E'
CPPFLAGS=' -DHAVE_CONFIG_H'
DEFS='-DHAVE_CONFIG_H'
DLLTOOL='false'
DSYMUTIL=''
DUMPBIN=''
ECHO_C=''
ECHO_N='-n'
ECHO_T=''
EGREP='/bin/grep -E'
EXEEXT=''
FGREP='/bin/grep -F'
GREP='/bin/grep'
LD='/usr/bin/ld -m elf_x86_64'
LDFLAGS=''
LIBOBJS=''
LIBS=''
LIBTOOL='$(SHELL) $(top_builddir)/libtool'
LIPO=''
LN_S='ln -s'
LTLIBOBJS=''
LT_SYS_LIBRARY_PATH=''
MANIFEST_TOOL=':'
NM='/usr/bin/nm -B'
NMEDIT=''
OBJDUMP='objdump'
OBJEXT='o'
OTOOL64=''
OTOOL=''
PACKAGE_BUGREPORT=''
PACKAGE_NAME=''
PACKAGE_STRING=''
PACKAGE_TARNAME=''
PACKAGE_URL=''
PACKAGE_VERSION=''
PATH_SEPARATOR=':'
RANLIB='ranlib'
RE2C='exit 0;'
SED='/bin/sed'
SHELL='/bin/bash'
SHLIB_DL_SUFFIX_NAME='so'
SHLIB_SUFFIX_NAME='so'
STRIP='strip'
ac_ct_AR='ar'
ac_ct_CC='cc'
ac_ct_DUMPBIN=''
bindir='${exec_prefix}/bin'
build='x86_64-pc-linux-gnu'
build_alias=''
build_cpu='x86_64'
build_os='linux-gnu'
build_vendor='pc'
datadir='${datarootdir}'
datarootdir='${prefix}/share'
docdir='${datarootdir}/doc/${PACKAGE}'
dvidir='${docdir}'
exec_prefix='$(prefix)'
host='x86_64-pc-linux-gnu'
host_alias='x86_64-pc-linux-gnu'
host_cpu='x86_64'
host_os='linux-gnu'
host_vendor='pc'
htmldir='${docdir}'
includedir='${prefix}/include'
infodir='${datarootdir}/info'
libdir='${exec_prefix}/lib'
libexecdir='${exec_prefix}/libexec'
localedir='${datarootdir}/locale'
localstatedir='${prefix}/var'
mandir='${datarootdir}/man'
oldincludedir='/usr/include'
pdfdir='${docdir}'
prefix='/usr'
program_transform_name='s,x,x,'
psdir='${docdir}'
runstatedir='${localstatedir}/run'
sbindir='${exec_prefix}/sbin'
sharedstatedir='${prefix}/com'
sysconfdir='${prefix}/etc'
target='x86_64-pc-linux-gnu'
target_alias=''
target_cpu='x86_64'
target_os='linux-gnu'
target_vendor='pc'

## ----------- ##
## confdefs.h. ##
## ----------- ##

/* confdefs.h */
#define PACKAGE_NAME ""
#define PACKAGE_TARNAME ""
#define PACKAGE_VERSION ""
#define PACKAGE_STRING ""
#define PACKAGE_BUGREPORT ""
#define PACKAGE_URL ""
#define HAVE_GGSSL 1
#define COMPILE_DL_GGSSL 1
#define STDC_HEADERS 1
#define HAVE_SYS_TYPES_H 1
#define HAVE_SYS_STAT_H 1
#define HAVE_STDLIB_H 1
#define HAVE_STRING_H 1
#define HAVE_MEMORY_H 1
#define HAVE_STRINGS_H 1
#define HAVE_INTTYPES_H 1
#define HAVE_STDINT_H 1
#define HAVE_UNISTD_H 1
#define HAVE_DLFCN_H 1
#define LT_OBJDIR ".libs/"

configure: exit 0
